
                            < M A T L A B (R) >
                  Copyright 1984-2016 The MathWorks, Inc.
                   R2016b (9.1.0.441655) 64-bit (glnxa64)
                             September 7, 2016

 
To get started, type one of these: helpwin, helpdesk, or demo.
For product information, visit www.mathworks.com.

>>    1.1595e+09

   1.1557e+09

   1.1537e+09

   1.1493e+09

   1.1456e+09

   1.1439e+09

   1.1362e+09

   1.1270e+09

   1.1256e+09

   1.1267e+09

   ...

   6.0275e+06

   6.0252e+06

   6.0197e+06

   6.0193e+06

   6.0192e+06

   6.0178e+06

   6.0176e+06

   6.0154e+06

   6.0155e+06

   6.0135e+06

>>    6.0135e+06

>>      2000448

>>     7.2940
